2018-11-27 09:42:36: {"data":{"username":"ciaolink_deployment","userfname":"Team tri?n khai","useremail":"","userphone":"","restid":"","islocked":1,"isAdmin":"0"},"adminid":"95","adminname":"dstDev"}
2018-11-27 09:42:41: {"data":{"username":"ciaolink_deployment","userfname":"Team tri?n khai","useremail":"","userphone":"","restid":"","islocked":0,"isAdmin":"0"},"adminid":"95","adminname":"dstDev"}
2018-11-27 11:40:07: {"data":{"username":"thongvm","userrealname":"V\u0169 Minh Th\u00f4ng","userphone":"","shopid":"3","islocked":1,"roleid":"1"},"adminid":"95","adminname":"dstDev"}
2018-11-27 11:40:12: {"data":{"username":"thongvm","userrealname":"V\u0169 Minh Th\u00f4ng","userphone":"","shopid":"3","islocked":1,"roleid":"1"},"adminid":"95","adminname":"dstDev"}
2018-11-27 11:40:15: {"data":{"username":"thongvm","userrealname":"2V\u0169 Minh Th\u00f4ng","userphone":"","shopid":"3","islocked":0,"roleid":"1"},"adminid":"95","adminname":"dstDev"}
2018-11-27 11:48:32: {"data":{"username":"thongvm","userrealname":"2V\u0169 Minh Th\u00f4ng","userphone":"","shopid":"3","islocked":1,"roleid":"1"},"adminid":"95","adminname":"dstDev"}
2018-11-27 11:55:32: {"data":{"username":"L6_nga_bach","userfname":"Nga Bach","useremail":"","userphone":"","restid":"29","islocked":0,"isAdmin":"1"},"adminid":"95","adminname":"dstDev"}
2018-11-27 11:56:26: {"data":{"username":"L6_nga_bach","userfname":"Nga Bach","useremail":"","userphone":"","restid":"29","islocked":0,"isAdmin":"1"},"adminid":"95","adminname":"dstDev"}
2018-11-27 11:56:29: {"data":{"username":"L6_nga_bach","userfname":"Nga Bach","useremail":"","userphone":"","restid":"29","islocked":0,"isAdmin":"0"},"adminid":"95","adminname":"dstDev"}
2018-11-27 11:56:32: {"data":{"username":"L6_nga_bach","userfname":"Nga Bach","useremail":"","userphone":"","restid":"29","islocked":1,"isAdmin":"0"},"adminid":"95","adminname":"dstDev"}
2018-11-27 11:56:35: {"data":{"username":"L6_nga_bach","userfname":"Nga Bach","useremail":"","userphone":"","restid":"29","islocked":1,"isAdmin":"0"},"adminid":"95","adminname":"dstDev"}
2018-11-27 11:56:36: {"data":{"username":"L6_nga_bach","userfname":"Nga Bach","useremail":"","userphone":"","restid":"29","islocked":1,"isAdmin":"0"},"adminid":"95","adminname":"dstDev"}
2018-11-27 11:56:58: {"data":{"username":"L6_nga_bach","userfname":"Nga Bach","useremail":"","userphone":"","restid":"29","islocked":1,"isAdmin":"0"},"adminid":"95","adminname":"dstDev"}
2018-11-27 11:57:01: {"data":{"username":"L6_nga_bach","userfname":"Nga Bach","useremail":"","userphone":"","restid":"29","islocked":0,"isAdmin":"0"},"adminid":"95","adminname":"dstDev"}
2018-11-27 11:57:18: {"data":{"username":"L6_nga_bach","userfname":"Nga Bach","useremail":"","userphone":"","restid":"29","islocked":0,"isAdmin":"0"},"adminid":"95","adminname":"dstDev"}
2018-11-27 11:57:30: {"data":{"username":"L6_nga_bach","userfname":"Nga Bach","useremail":"","userphone":"","restid":"29","islocked":1,"isAdmin":"0"},"adminid":"95","adminname":"dstDev"}
2018-11-27 13:38:50: {"data":{"username":"supermanager","userfname":"Super Manager","useremail":"","userphone":"","restid":"","islocked":0,"isAdmin":"0"},"adminid":"95","adminname":"dstDev"}
2018-11-27 13:38:54: {"data":{"username":"supermanager","userfname":"Super Manager","useremail":"","userphone":"","restid":"","islocked":1,"isAdmin":"0"},"adminid":"95","adminname":"dstDev"}
2018-11-27 13:39:29: {"data":{"username":"supermanager","userfname":"Super Manager","useremail":" ","userphone":" ","restid":"","islocked":0,"isAdmin":"0"},"adminid":"95","adminname":"dstDev"}
2018-11-27 13:47:21: {"data":{"username":"supermanager","userfname":"Super Manager","useremail":" ","userphone":" ","restid":"","islocked":0,"isAdmin":"0"},"adminid":"95","adminname":"dstDev"}
2018-11-27 13:51:40: {"data":{"username":"supermanager","userfname":"Super Manager","useremail":" ","userphone":" ","restid":"","islocked":0,"isAdmin":"0"},"adminid":"95","adminname":"dstDev"}
